Sun Mar 29 2020 16:31:40 GMT+1100 (Australian Eastern Daylight Time) | #general @ 358536623257812992 - mcstatus mc.hypixel.net\r
Sun Mar 29 2020 16:35:58 GMT+1100 (Australian Eastern Daylight Time) | #general @ 358536623257812992 - mcstatus mc.hypixel.net
Sun Mar 29 2020 16:36:26 GMT+1100 (Australian Eastern Daylight Time) | #general @ 358536623257812992 - mcstatus mc.hypixel.net
Sun Mar 29 2020 18:43:06 GMT+1100 (Australian Eastern Daylight Time) | #general @ 358536623257812992 - mcstatus mc.hypixel.net
Sun Mar 29 2020 18:49:28 GMT+1100 (Australian Eastern Daylight Time) | #general @ 358536623257812992 - mcstatus mc.hypixel.net
Sun Mar 29 2020 18:53:54 GMT+1100 (Australian Eastern Daylight Time) | #general @ 358536623257812992 - mcstatus mc.hypixel.net
Sun Mar 29 2020 18:54:50 GMT+1100 (Australian Eastern Daylight Time) | #general @ 358536623257812992 - mcstatus mc.hypixel.net
Sun Mar 29 2020 18:55:24 GMT+1100 (Australian Eastern Daylight Time) | #general @ 358536623257812992 - mcstatus mc.hypixel.net
Sun Mar 29 2020 18:55:50 GMT+1100 (Australian Eastern Daylight Time) | #general @ 358536623257812992 - mcstatus mc.hypixel.net
Sun Mar 29 2020 18:56:21 GMT+1100 (Australian Eastern Daylight Time) | #general @ 358536623257812992 - mcstatus mc.hypixel.net
Sun Mar 29 2020 18:58:13 GMT+1100 (Australian Eastern Daylight Time) | #general @ 358536623257812992 - mcstatus mc.hypixel.net
Sun Mar 29 2020 18:59:01 GMT+1100 (Australian Eastern Daylight Time) | #general @ 358536623257812992 - mcstatus mc.hypixel.net
Sun Mar 29 2020 18:59:20 GMT+1100 (Australian Eastern Daylight Time) | #general @ 358536623257812992 - mcstatus mc.hypixel.net
Sun Mar 29 2020 19:03:37 GMT+1100 (Australian Eastern Daylight Time) | #general @ 358536623257812992 - mcstatus mc.hypixel.net
Sun Mar 29 2020 19:04:03 GMT+1100 (Australian Eastern Daylight Time) | #general @ 358536623257812992 - mcstatus mc.hypixel.net
Sun Mar 29 2020 19:14:37 GMT+1100 (Australian Eastern Daylight Time) | #general @ 358536623257812992 - mcstatus mc.hypixel.net
Sun Mar 29 2020 19:17:50 GMT+1100 (Australian Eastern Daylight Time) | #general @ 358536623257812992 - mcstatus mc.hypixel.net
Sun Mar 29 2020 19:19:00 GMT+1100 (Australian Eastern Daylight Time) | #general @ 358536623257812992 - mcstatus mc.hypixel.net
Sun Mar 29 2020 19:21:45 GMT+1100 (Australian Eastern Daylight Time) | #general @ 358536623257812992 - mcstatus mc.hypixel.net
Sun Mar 29 2020 19:22:20 GMT+1100 (Australian Eastern Daylight Time) | #general @ 358536623257812992 - mcstatus mc.hypixel.net
Sun Mar 29 2020 19:23:13 GMT+1100 (Australian Eastern Daylight Time) | #general @ 358536623257812992 - mcstatus mc.hypixel.net
Sun Mar 29 2020 19:24:00 GMT+1100 (Australian Eastern Daylight Time) | #general @ 358536623257812992 - mcstatus mc.hypixel.net
Sun Mar 29 2020 19:26:51 GMT+1100 (Australian Eastern Daylight Time) | #general @ 358536623257812992 - mcstatus mc.hypixel.net
Sun Mar 29 2020 19:29:33 GMT+1100 (Australian Eastern Daylight Time) | #general @ 358536623257812992 - mcstatus mc.hypixel.net
Sun Mar 29 2020 19:50:53 GMT+1100 (Australian Eastern Daylight Time) | #general @ 358536623257812992 - mcstatus mc.hypixel.net
Sun Mar 29 2020 19:51:19 GMT+1100 (Australian Eastern Daylight Time) | #general @ 358536623257812992 - mcstatus mc.hypixel.net
Mon Mar 30 2020 13:29:46 GMT+1100 (Australian Eastern Daylight Time) | #general @ 358536623257812992 - mcstatus
Mon Mar 30 2020 15:26:32 GMT+1100 (Australian Eastern Daylight Time) | #general @ 358536623257812992 - mcstatus
Mon Mar 30 2020 15:27:27 GMT+1100 (Australian Eastern Daylight Time) | #general @ 358536623257812992 - mcstatus
Mon Mar 30 2020 15:28:13 GMT+1100 (Australian Eastern Daylight Time) | #general @ 358536623257812992 - mcstatus
Mon Mar 30 2020 15:28:36 GMT+1100 (Australian Eastern Daylight Time) | #general @ 358536623257812992 - mcstatus
Mon Mar 30 2020 15:29:37 GMT+1100 (Australian Eastern Daylight Time) | #general @ 358536623257812992 - mcstatus
Mon Mar 30 2020 15:30:53 GMT+1100 (Australian Eastern Daylight Time) | #general @ 358536623257812992 - mcstatus
Mon Mar 30 2020 15:35:17 GMT+1100 (Australian Eastern Daylight Time) | #general @ 358536623257812992 - mcstatus
Mon Mar 30 2020 15:37:27 GMT+1100 (Australian Eastern Daylight Time) | #general @ 358536623257812992 - mcstatus
Mon Mar 30 2020 16:12:19 GMT+1100 (Australian Eastern Daylight Time) | #general @ 358536623257812992 - mcstatus
Mon Mar 30 2020 17:04:31 GMT+1100 (Australian Eastern Daylight Time) | #general @ 358536623257812992 - mcstatus
Mon Mar 30 2020 17:05:48 GMT+1100 (Australian Eastern Daylight Time) | #general @ 358536623257812992 - mcstatus
Mon Mar 30 2020 17:06:16 GMT+1100 (Australian Eastern Daylight Time) | #general @ 358536623257812992 - mcstatus
Mon Mar 30 2020 17:06:52 GMT+1100 (Australian Eastern Daylight Time) | #general @ 358536623257812992 - mcstatus
Mon Mar 30 2020 17:07:07 GMT+1100 (Australian Eastern Daylight Time) | #general @ 358536623257812992 - mcstatus
Mon Mar 30 2020 17:10:37 GMT+1100 (Australian Eastern Daylight Time) | #general @ 358536623257812992 - mcstatus
Mon Mar 30 2020 17:14:22 GMT+1100 (Australian Eastern Daylight Time) | #general @ 358536623257812992 - mcstatus
Mon Mar 30 2020 17:19:09 GMT+1100 (Australian Eastern Daylight Time) | #general @ 358536623257812992 - mcstatus
Mon Mar 30 2020 17:19:45 GMT+1100 (Australian Eastern Daylight Time) | #general @ 358536623257812992 - mcstatus
Mon Mar 30 2020 17:20:04 GMT+1100 (Australian Eastern Daylight Time) | #general @ 358536623257812992 - mcstatus
Mon Mar 30 2020 17:20:49 GMT+1100 (Australian Eastern Daylight Time) | #general @ 358536623257812992 - mcstatus
Mon Mar 30 2020 17:21:12 GMT+1100 (Australian Eastern Daylight Time) | #general @ 358536623257812992 - mcstatus
Mon Mar 30 2020 20:52:04 GMT+1100 (Australian Eastern Daylight Time) | #general @ 358536623257812992 - mcstatus
Mon Mar 30 2020 21:59:08 GMT+1100 (Australian Eastern Daylight Time) | #general @ 358536623257812992 - mcstatus
Mon Mar 30 2020 21:59:28 GMT+1100 (Australian Eastern Daylight Time) | #general @ 358536623257812992 - mcstatus
Mon Mar 30 2020 22:02:54 GMT+1100 (Australian Eastern Daylight Time) | #general @ 358536623257812992 - mcstatus
Mon Mar 30 2020 22:03:22 GMT+1100 (Australian Eastern Daylight Time) | #general @ 358536623257812992 - mcstatus
Mon Mar 30 2020 22:04:19 GMT+1100 (Australian Eastern Daylight Time) | #general @ 358536623257812992 - mcstatus
Mon Mar 30 2020 22:05:20 GMT+1100 (Australian Eastern Daylight Time) | #general @ 358536623257812992 - mcstatus help
Mon Mar 30 2020 22:06:39 GMT+1100 (Australian Eastern Daylight Time) | #general @ 358536623257812992 - mcstatus he;[
Mon Mar 30 2020 22:10:58 GMT+1100 (Australian Eastern Daylight Time) | #general @ 358536623257812992 - mcstatus help
Mon Mar 30 2020 22:12:14 GMT+1100 (Australian Eastern Daylight Time) | #general @ 358536623257812992 - mcstatus asdzx;.
Mon Mar 30 2020 22:20:13 GMT+1100 (Australian Eastern Daylight Time) | #general @ 358536623257812992 - mcstatus lol
Mon Mar 30 2020 22:25:41 GMT+1100 (Australian Eastern Daylight Time) | #general @ 358536623257812992 - mcstatus lol
Mon Mar 30 2020 22:25:53 GMT+1100 (Australian Eastern Daylight Time) | #general @ 358536623257812992 - mcstatus lol
Mon Mar 30 2020 22:26:03 GMT+1100 (Australian Eastern Daylight Time) | #general @ 358536623257812992 - mcstatus lol.hi
Mon Mar 30 2020 22:26:16 GMT+1100 (Australian Eastern Daylight Time) | #general @ 358536623257812992 - mcstatus mc.hypixel.net
Mon Mar 30 2020 22:32:43 GMT+1100 (Australian Eastern Daylight Time) | #general @ 358536623257812992 - mcstatus mc.hypixel.net
Mon Mar 30 2020 22:33:28 GMT+1100 (Australian Eastern Daylight Time) | #general @ 358536623257812992 - mcstatus mc.hypixel.net
Mon Mar 30 2020 22:34:38 GMT+1100 (Australian Eastern Daylight Time) | #general @ 358536623257812992 - mcstatus mc.hypixel.net
Mon Mar 30 2020 22:36:10 GMT+1100 (Australian Eastern Daylight Time) | #general @ 358536623257812992 - mcstatus mc.hypixel.net
Mon Mar 30 2020 22:38:01 GMT+1100 (Australian Eastern Daylight Time) | #general @ 358536623257812992 - mcstatus mc.hypixel.net
Mon Mar 30 2020 22:38:46 GMT+1100 (Australian Eastern Daylight Time) | #general @ 358536623257812992 - mcstatus jk
Mon Mar 30 2020 22:40:18 GMT+1100 (Australian Eastern Daylight Time) | #general @ 358536623257812992 - mcstatus jk
Mon Mar 30 2020 22:40:30 GMT+1100 (Australian Eastern Daylight Time) | #general @ 358536623257812992 - mcstatus lol.hi.lol
Mon Mar 30 2020 22:42:10 GMT+1100 (Australian Eastern Daylight Time) | #general @ 358536623257812992 - mcstatus lo.hi.zxx
Mon Mar 30 2020 22:42:22 GMT+1100 (Australian Eastern Daylight Time) | #general @ 358536623257812992 - mcstatus zx
Mon Mar 30 2020 22:43:43 GMT+1100 (Australian Eastern Daylight Time) | #general @ 358536623257812992 - mcstatus random
Mon Mar 30 2020 22:43:58 GMT+1100 (Australian Eastern Daylight Time) | #general @ 358536623257812992 - mcstatus ladsh
Mon Mar 30 2020 22:46:41 GMT+1100 (Australian Eastern Daylight Time) | #general @ 358536623257812992 - mcstatus settings
Mon Mar 30 2020 22:47:11 GMT+1100 (Australian Eastern Daylight Time) | #general @ 358536623257812992 - mcstatus localhost
Mon Mar 30 2020 22:56:30 GMT+1100 (Australian Eastern Daylight Time) | #general @ 358536623257812992 - mcstatus 172.65.248.228
Mon Mar 30 2020 22:57:29 GMT+1100 (Australian Eastern Daylight Time) | #general @ 358536623257812992 - mcstatus help
Mon Mar 30 2020 22:59:16 GMT+1100 (Australian Eastern Daylight Time) | #general @ 358536623257812992 - mcstatus help
Tue Mar 31 2020 13:08:25 GMT+1100 (Australian Eastern Daylight Time) | #general @ 358536623257812992 - mcstatus help
Tue Mar 31 2020 13:27:54 GMT+1100 (Australian Eastern Daylight Time) | #general @ 358536623257812992 - mcstatus help
Tue Mar 31 2020 13:43:17 GMT+1100 (Australian Eastern Daylight Time) | #general @ 358536623257812992 - mcstatus help
Tue Mar 31 2020 13:46:43 GMT+1100 (Australian Eastern Daylight Time) | #general @ 358536623257812992 - mcstatus help help
Tue Mar 31 2020 14:22:06 GMT+1100 (Australian Eastern Daylight Time) | #general @ 358536623257812992 - mcstatus help help
Tue Mar 31 2020 14:22:29 GMT+1100 (Australian Eastern Daylight Time) | #general @ 358536623257812992 - mcstatus help help
Tue Mar 31 2020 14:22:43 GMT+1100 (Australian Eastern Daylight Time) | #general @ 358536623257812992 - mcstatus help help
Tue Mar 31 2020 14:42:28 GMT+1100 (Australian Eastern Daylight Time) | #general @ 358536623257812992 - mcstatus help help
Tue Mar 31 2020 14:45:34 GMT+1100 (Australian Eastern Daylight Time) | #general @ 358536623257812992 - mcstatus help help
Tue Mar 31 2020 14:47:33 GMT+1100 (Australian Eastern Daylight Time) | #general @ 358536623257812992 - mcstatus help help
Tue Mar 31 2020 14:48:14 GMT+1100 (Australian Eastern Daylight Time) | #general @ 358536623257812992 - mcstatus help help
Tue Mar 31 2020 14:48:30 GMT+1100 (Australian Eastern Daylight Time) | #general @ 358536623257812992 - mcstatus help help
Tue Mar 31 2020 14:49:00 GMT+1100 (Australian Eastern Daylight Time) | #general @ 358536623257812992 - mcstatus help
Tue Mar 31 2020 14:50:47 GMT+1100 (Australian Eastern Daylight Time) | #general @ 358536623257812992 - mcstatus help
Tue Mar 31 2020 14:51:52 GMT+1100 (Australian Eastern Daylight Time) | #general @ 358536623257812992 - mcstatus help
Tue Mar 31 2020 14:52:09 GMT+1100 (Australian Eastern Daylight Time) | #general @ 358536623257812992 - mcstatus help
Tue Mar 31 2020 15:15:39 GMT+1100 (Australian Eastern Daylight Time) | #general @ 358536623257812992 - mcstatus help
Wed Apr 01 2020 12:58:10 GMT+1100 (Australian Eastern Daylight Time) | #general @ 358536623257812992 - mcstatus help
Wed Apr 01 2020 12:58:40 GMT+1100 (Australian Eastern Daylight Time) | #general @ 358536623257812992 - mcstatus help
Wed Apr 01 2020 12:59:42 GMT+1100 (Australian Eastern Daylight Time) | #general @ 358536623257812992 - mcstatus help
Wed Apr 01 2020 13:02:09 GMT+1100 (Australian Eastern Daylight Time) | #general @ 358536623257812992 - mcstatus help
Wed Apr 01 2020 13:26:25 GMT+1100 (Australian Eastern Daylight Time) | #general @ 358536623257812992 - mcstatus help
Wed Apr 01 2020 13:27:00 GMT+1100 (Australian Eastern Daylight Time) | #general @ 358536623257812992 - mcstatus help
Wed Apr 01 2020 13:28:43 GMT+1100 (Australian Eastern Daylight Time) | #general @ 358536623257812992 - mcstatus help
Wed Apr 01 2020 14:14:51 GMT+1100 (Australian Eastern Daylight Time) | #general @ 358536623257812992 - mcstatus help
Wed Apr 01 2020 17:58:13 GMT+1100 (Australian Eastern Daylight Time) | #general @ 358536623257812992 - mcstatus help help
Wed Apr 01 2020 21:53:13 GMT+1100 (Australian Eastern Daylight Time) | #general @ 358536623257812992 - mcstatus help
Wed Apr 01 2020 21:54:18 GMT+1100 (Australian Eastern Daylight Time) | #general @ 358536623257812992 - mcstatus help help
Wed Apr 01 2020 21:54:35 GMT+1100 (Australian Eastern Daylight Time) | #general @ 358536623257812992 - mcstatus help set
Wed Apr 01 2020 21:54:48 GMT+1100 (Australian Eastern Daylight Time) | #general @ 358536623257812992 - mcstatus set help
Wed Apr 01 2020 21:57:30 GMT+1100 (Australian Eastern Daylight Time) | #general @ 358536623257812992 - mcstatus set help
Wed Apr 01 2020 21:58:18 GMT+1100 (Australian Eastern Daylight Time) | #general @ 358536623257812992 - mcstatus set help
Wed Apr 01 2020 21:58:25 GMT+1100 (Australian Eastern Daylight Time) | #general @ 358536623257812992 - mcstatus help set
Wed Apr 01 2020 21:59:37 GMT+1100 (Australian Eastern Daylight Time) | #general @ 358536623257812992 - mcstatus set help
Wed Apr 01 2020 21:59:41 GMT+1100 (Australian Eastern Daylight Time) | #general @ 358536623257812992 - mcstatus help set
Wed Apr 01 2020 22:00:21 GMT+1100 (Australian Eastern Daylight Time) | #general @ 358536623257812992 - mcstatus help set
Wed Apr 01 2020 22:00:31 GMT+1100 (Australian Eastern Daylight Time) | #general @ 358536623257812992 - mcstatus help set
Wed Apr 01 2020 22:00:50 GMT+1100 (Australian Eastern Daylight Time) | #general @ 358536623257812992 - mcstatus help set
Wed Apr 01 2020 22:01:01 GMT+1100 (Australian Eastern Daylight Time) | #general @ 358536623257812992 - mcstatus help set
Wed Apr 01 2020 22:01:18 GMT+1100 (Australian Eastern Daylight Time) | #general @ 358536623257812992 - mcstatus help set
Wed Apr 01 2020 22:02:06 GMT+1100 (Australian Eastern Daylight Time) | #general @ 358536623257812992 - mcstatus help set
Wed Apr 01 2020 22:02:18 GMT+1100 (Australian Eastern Daylight Time) | #general @ 358536623257812992 - mcstatus help set
Wed Apr 01 2020 22:03:16 GMT+1100 (Australian Eastern Daylight Time) | #general @ 358536623257812992 - mcstatus help set
Wed Apr 01 2020 22:04:10 GMT+1100 (Australian Eastern Daylight Time) | #general @ 358536623257812992 - mcstatus help set
Wed Apr 01 2020 22:04:34 GMT+1100 (Australian Eastern Daylight Time) | #general @ 358536623257812992 - mcstatus help set
Wed Apr 01 2020 22:05:54 GMT+1100 (Australian Eastern Daylight Time) | #general @ 358536623257812992 - mcstatus help set
Wed Apr 01 2020 22:07:31 GMT+1100 (Australian Eastern Daylight Time) | #general @ 358536623257812992 - mcstatus help set
Wed Apr 01 2020 22:09:33 GMT+1100 (Australian Eastern Daylight Time) | #general @ 358536623257812992 - mcstatus help set
Wed Apr 01 2020 22:10:13 GMT+1100 (Australian Eastern Daylight Time) | #general @ 358536623257812992 - mcstatus help set
Wed Apr 01 2020 22:13:09 GMT+1100 (Australian Eastern Daylight Time) | #general @ 358536623257812992 - mcstatus help set
Wed Apr 01 2020 22:16:18 GMT+1100 (Australian Eastern Daylight Time) | #general @ 358536623257812992 - mcstatus help set
Wed Apr 01 2020 22:16:56 GMT+1100 (Australian Eastern Daylight Time) | #general @ 358536623257812992 - mcstatus nonasd
Wed Apr 01 2020 22:17:04 GMT+1100 (Australian Eastern Daylight Time) | #general @ 358536623257812992 - mcstatus mc.hypixel.net
Wed Apr 01 2020 22:17:29 GMT+1100 (Australian Eastern Daylight Time) | #general @ 358536623257812992 - mcstatus 101.186.40.165
Wed Apr 01 2020 22:20:25 GMT+1100 (Australian Eastern Daylight Time) | #general @ 358536623257812992 - mcstatus 101.186.40.165
Thu Apr 02 2020 09:28:02 GMT+1100 (Australian Eastern Daylight Time) | #general @ 358536623257812992 - mcstatus set help
Thu Apr 02 2020 09:28:16 GMT+1100 (Australian Eastern Daylight Time) | #general @ 358536623257812992 - mcstatus help set
Thu Apr 02 2020 09:29:27 GMT+1100 (Australian Eastern Daylight Time) | #general @ 358536623257812992 - mcstatus help set
Thu Apr 02 2020 09:29:37 GMT+1100 (Australian Eastern Daylight Time) | #general @ 358536623257812992 - mcstatus help asdjkl
Thu Apr 02 2020 09:29:55 GMT+1100 (Australian Eastern Daylight Time) | #general @ 358536623257812992 - mcstatus 101.168.23.53
Thu Apr 02 2020 09:33:13 GMT+1100 (Australian Eastern Daylight Time) | #general @ 358536623257812992 - mcstatus settings
Thu Apr 02 2020 09:34:38 GMT+1100 (Australian Eastern Daylight Time) | #general @ 358536623257812992 - mcstatus settings
Thu Apr 02 2020 09:35:06 GMT+1100 (Australian Eastern Daylight Time) | #general @ 358536623257812992 - mcstatus settings
Thu Apr 02 2020 09:35:33 GMT+1100 (Australian Eastern Daylight Time) | #general @ 358536623257812992 - mcstatus settings
Thu Apr 02 2020 10:00:23 GMT+1100 (Australian Eastern Daylight Time) | #general @ 358536623257812992 - mcstatus settings
Thu Apr 02 2020 10:00:52 GMT+1100 (Australian Eastern Daylight Time) | #general @ 358536623257812992 - mcstatus settings
Thu Apr 02 2020 10:02:15 GMT+1100 (Australian Eastern Daylight Time) | #general @ 358536623257812992 - mcstatus set Utc Offset
Thu Apr 02 2020 11:31:41 GMT+1100 (Australian Eastern Daylight Time) | #general @ 358536623257812992 - mcstatus set Utc Offset
Thu Apr 02 2020 11:32:02 GMT+1100 (Australian Eastern Daylight Time) | #general @ 358536623257812992 - mcstatus set Utc Offset
Thu Apr 02 2020 11:53:08 GMT+1100 (Australian Eastern Daylight Time) | #general @ 358536623257812992 - mcstatus set Utc Offset
Thu Apr 02 2020 12:33:16 GMT+1100 (Australian Eastern Daylight Time) | #general @ 358536623257812992 - mcstatus set Utc Offset
Thu Apr 02 2020 12:33:44 GMT+1100 (Australian Eastern Daylight Time) | #general @ 358536623257812992 - mcstatus set Utc Offset
Thu Apr 02 2020 13:03:44 GMT+1100 (Australian Eastern Daylight Time) | #general @ 358536623257812992 - mcstatus set Utc Offset
Thu Apr 02 2020 13:35:57 GMT+1100 (Australian Eastern Daylight Time) | #general @ 358536623257812992 - mcstatus set Utc Offset
Thu Apr 02 2020 13:39:48 GMT+1100 (Australian Eastern Daylight Time) | #general @ 358536623257812992 - mcstatus set Utc Offset
Thu Apr 02 2020 13:40:12 GMT+1100 (Australian Eastern Daylight Time) | #general @ 358536623257812992 - mcstatus set Utc Offset
Thu Apr 02 2020 13:40:46 GMT+1100 (Australian Eastern Daylight Time) | #general @ 358536623257812992 - mcstatus set Utc Offset
Thu Apr 02 2020 14:14:43 GMT+1100 (Australian Eastern Daylight Time) | #general @ 358536623257812992 - mcstatus set Utc Offset
Thu Apr 02 2020 14:14:56 GMT+1100 (Australian Eastern Daylight Time) | #general @ 358536623257812992 - mcstatus set Utc Offset
Thu Apr 02 2020 14:15:24 GMT+1100 (Australian Eastern Daylight Time) | #general @ 358536623257812992 - mcstatus set Utc Offset
Thu Apr 02 2020 14:16:09 GMT+1100 (Australian Eastern Daylight Time) | #general @ 358536623257812992 - mcstatus set Utc Offset
Thu Apr 02 2020 14:16:31 GMT+1100 (Australian Eastern Daylight Time) | #general @ 358536623257812992 - mcstatus set utcOffset hi
Thu Apr 02 2020 14:20:01 GMT+1100 (Australian Eastern Daylight Time) | #general @ 358536623257812992 - mcstatus set utcOffset
Thu Apr 02 2020 14:20:38 GMT+1100 (Australian Eastern Daylight Time) | #general @ 358536623257812992 - mcstatus set utcOffset 5
Thu Apr 02 2020 14:26:54 GMT+1100 (Australian Eastern Daylight Time) | #general @ 358536623257812992 - mcstatus set utcOffset 5
Thu Apr 02 2020 14:31:16 GMT+1100 (Australian Eastern Daylight Time) | #general @ 358536623257812992 - mcstatus settings
Thu Apr 02 2020 14:35:59 GMT+1100 (Australian Eastern Daylight Time) | #general @ 358536623257812992 - mcstatus settings
Thu Apr 02 2020 14:36:20 GMT+1100 (Australian Eastern Daylight Time) | #general @ 358536623257812992 - mcstatus settings utcOffset
Thu Apr 02 2020 14:37:28 GMT+1100 (Australian Eastern Daylight Time) | #general @ 358536623257812992 - mcstatus settings utc offset
Thu Apr 02 2020 14:38:02 GMT+1100 (Australian Eastern Daylight Time) | #general @ 358536623257812992 - mcstatus settings haisd
Thu Apr 02 2020 14:38:16 GMT+1100 (Australian Eastern Daylight Time) | #general @ 358536623257812992 - mcstatus settings utcOffset what
Thu Apr 02 2020 14:55:05 GMT+1100 (Australian Eastern Daylight Time) | #general @ 358536623257812992 - mcstatus settings utcOffset what
Thu Apr 02 2020 18:36:33 GMT+1100 (Australian Eastern Daylight Time) | #general @ 358536623257812992 - mcstatus settings utcOffset 3
Thu Apr 02 2020 18:38:00 GMT+1100 (Australian Eastern Daylight Time) | #general @ 358536623257812992 - mcstatus settings utcOffset 3
Thu Apr 02 2020 18:39:05 GMT+1100 (Australian Eastern Daylight Time) | #general @ 358536623257812992 - mcstatus settings utcOffset
Thu Apr 02 2020 18:43:58 GMT+1100 (Australian Eastern Daylight Time) | #general @ 358536623257812992 - mcstatus settings utcOffset
Thu Apr 02 2020 18:45:30 GMT+1100 (Australian Eastern Daylight Time) | #general @ 358536623257812992 - mcstatus settings utcOffset
Thu Apr 02 2020 18:45:51 GMT+1100 (Australian Eastern Daylight Time) | #general @ 358536623257812992 - mcstatus settings utcOffset
Thu Apr 02 2020 18:46:39 GMT+1100 (Australian Eastern Daylight Time) | #general @ 358536623257812992 - mcstatus settings utcOffset
Thu Apr 02 2020 18:47:53 GMT+1100 (Australian Eastern Daylight Time) | #general @ 358536623257812992 - mcstatus settings utcOffset
Thu Apr 02 2020 19:12:58 GMT+1100 (Australian Eastern Daylight Time) | #general @ 358536623257812992 - mcstatus settings utcOffset
Thu Apr 02 2020 19:13:45 GMT+1100 (Australian Eastern Daylight Time) | #general @ 358536623257812992 - mcstatus settings utcOffset
Thu Apr 02 2020 19:14:13 GMT+1100 (Australian Eastern Daylight Time) | #general @ 358536623257812992 - mcstatus settings utcOffset
Thu Apr 02 2020 22:52:23 GMT+1100 (Australian Eastern Daylight Time) | #general @ 358536623257812992 - mcstatus set utcOffset
Thu Apr 02 2020 22:53:30 GMT+1100 (Australian Eastern Daylight Time) | #general @ 358536623257812992 - mcstatus set utcOffset
Thu Apr 02 2020 22:54:25 GMT+1100 (Australian Eastern Daylight Time) | #general @ 358536623257812992 - mcstatus set utcOffset
Thu Apr 02 2020 22:55:26 GMT+1100 (Australian Eastern Daylight Time) | #general @ 358536623257812992 - mcstatus set utcOffset
Thu Apr 02 2020 22:58:18 GMT+1100 (Australian Eastern Daylight Time) | #general @ 358536623257812992 - mcstatus set utcOffset
Thu Apr 02 2020 23:00:17 GMT+1100 (Australian Eastern Daylight Time) | #general @ 358536623257812992 - mcstatus set utcOffset
Thu Apr 02 2020 23:00:33 GMT+1100 (Australian Eastern Daylight Time) | #general @ 358536623257812992 - mcstatus set utcOffset
Thu Apr 02 2020 23:00:49 GMT+1100 (Australian Eastern Daylight Time) | #general @ 358536623257812992 - mcstatus set
Thu Apr 02 2020 23:00:56 GMT+1100 (Australian Eastern Daylight Time) | #general @ 358536623257812992 - mcstatus set help
Thu Apr 02 2020 23:01:02 GMT+1100 (Australian Eastern Daylight Time) | #general @ 358536623257812992 - mcstatus help set
Thu Apr 02 2020 23:01:13 GMT+1100 (Australian Eastern Daylight Time) | #general @ 358536623257812992 - mcstatus set utcOffset 3
Thu Apr 02 2020 23:12:41 GMT+1100 (Australian Eastern Daylight Time) | #general @ 358536623257812992 - mcstatus set utcOffset 3
Thu Apr 02 2020 23:13:17 GMT+1100 (Australian Eastern Daylight Time) | #general @ 358536623257812992 - mcstatus set utcOffset 3
Thu Apr 02 2020 23:15:07 GMT+1100 (Australian Eastern Daylight Time) | #general @ 358536623257812992 - mcstatus set utcOffset 3
Thu Apr 02 2020 23:18:10 GMT+1100 (Australian Eastern Daylight Time) | #general @ 358536623257812992 - mcstatus set utcOffset 3
Thu Apr 02 2020 23:18:30 GMT+1100 (Australian Eastern Daylight Time) | #general @ 358536623257812992 - mcstatus set utcOffset 4
Thu Apr 02 2020 23:24:20 GMT+1100 (Australian Eastern Daylight Time) | #general @ 358536623257812992 - mcstatus set utcOffset 4
Thu Apr 02 2020 23:26:06 GMT+1100 (Australian Eastern Daylight Time) | #general @ 358536623257812992 - mcstatus set utcOffset 4
Thu Apr 02 2020 23:27:02 GMT+1100 (Australian Eastern Daylight Time) | #general @ 358536623257812992 - mcstatus set utcOffset 4
Thu Apr 02 2020 23:28:36 GMT+1100 (Australian Eastern Daylight Time) | #general @ 358536623257812992 - mcstatus set utcOffset 4
Thu Apr 02 2020 23:28:58 GMT+1100 (Australian Eastern Daylight Time) | #general @ 358536623257812992 - mcstatus set utcOffset 4
Thu Apr 02 2020 23:29:44 GMT+1100 (Australian Eastern Daylight Time) | #general @ 358536623257812992 - mcstatus set utcOffset 4
Thu Apr 02 2020 23:31:34 GMT+1100 (Australian Eastern Daylight Time) | #general @ 358536623257812992 - mcstatus set utcOffset 4
Thu Apr 02 2020 23:32:01 GMT+1100 (Australian Eastern Daylight Time) | #general @ 358536623257812992 - mcstatus set utcOffset 4
Thu Apr 02 2020 23:32:53 GMT+1100 (Australian Eastern Daylight Time) | #general @ 358536623257812992 - mcstatus set utcOffset 4
Thu Apr 02 2020 23:33:13 GMT+1100 (Australian Eastern Daylight Time) | #general @ 358536623257812992 - mcstatus set utcOffset 4
Thu Apr 02 2020 23:33:44 GMT+1100 (Australian Eastern Daylight Time) | #general @ 358536623257812992 - mcstatus set utcOffset 4
Thu Apr 02 2020 23:34:19 GMT+1100 (Australian Eastern Daylight Time) | #general @ 358536623257812992 - mcstatus set utcOffset 4
Thu Apr 02 2020 23:35:20 GMT+1100 (Australian Eastern Daylight Time) | #general @ 358536623257812992 - mcstatus set utcOffset 4
Thu Apr 02 2020 23:36:04 GMT+1100 (Australian Eastern Daylight Time) | #general @ 358536623257812992 - mcstatus set utcOffset 4
Thu Apr 02 2020 23:36:13 GMT+1100 (Australian Eastern Daylight Time) | #general @ 358536623257812992 - mcstatus set utcOffset -44
Thu Apr 02 2020 23:36:23 GMT+1100 (Australian Eastern Daylight Time) | #general @ 358536623257812992 - mcstatus set utcOffset -4
Thu Apr 02 2020 23:37:04 GMT+1100 (Australian Eastern Daylight Time) | #general @ 358536623257812992 - mcstatus set utcOffset -4
Thu Apr 02 2020 23:37:17 GMT+1100 (Australian Eastern Daylight Time) | #general @ 358536623257812992 - mcstatus ashk iaogybhaksdasc
Thu Apr 02 2020 23:37:25 GMT+1100 (Australian Eastern Daylight Time) | #general @ 358536623257812992 - mcstatus help whatsuydite
Thu Apr 02 2020 23:37:33 GMT+1100 (Australian Eastern Daylight Time) | #general @ 358536623257812992 - mcstatus please
Thu Apr 02 2020 23:37:37 GMT+1100 (Australian Eastern Daylight Time) | #general @ 358536623257812992 - mcstatus @#$%^
Thu Apr 02 2020 23:37:45 GMT+1100 (Australian Eastern Daylight Time) | #general @ 358536623257812992 - mcstatus set @# 3
Thu Apr 02 2020 23:37:50 GMT+1100 (Australian Eastern Daylight Time) | #general @ 358536623257812992 - mcstatus set 3
Thu Apr 02 2020 23:37:56 GMT+1100 (Australian Eastern Daylight Time) | #general @ 358536623257812992 - mcstatus set 8988 2
Thu Apr 02 2020 23:38:02 GMT+1100 (Australian Eastern Daylight Time) | #general @ 358536623257812992 - mcstatus set utc offset 3
Thu Apr 02 2020 23:39:53 GMT+1100 (Australian Eastern Daylight Time) | #general @ 358536623257812992 - mcstatus set utcOffset -4
Thu Apr 02 2020 23:40:29 GMT+1100 (Australian Eastern Daylight Time) | #general @ 358536623257812992 - mcstatus set utcOffset -3
Thu Apr 02 2020 23:40:55 GMT+1100 (Australian Eastern Daylight Time) | #general @ 358536623257812992 - mcstatus set uc offset 4
Thu Apr 02 2020 23:41:26 GMT+1100 (Australian Eastern Daylight Time) | #general @ 358536623257812992 - mcstatus set tuc offset 3
Thu Apr 02 2020 23:41:38 GMT+1100 (Australian Eastern Daylight Time) | #general @ 358536623257812992 - mcstatus set utc offset 4
Thu Apr 02 2020 23:41:45 GMT+1100 (Australian Eastern Daylight Time) | #general @ 358536623257812992 - mcstatus set utc offset 5
Thu Apr 02 2020 23:42:08 GMT+1100 (Australian Eastern Daylight Time) | #general @ 358536623257812992 - mcstatus set utc offset 6
Thu Apr 02 2020 23:42:28 GMT+1100 (Australian Eastern Daylight Time) | #general @ 358536623257812992 - mcstatus set utc offset 6
Thu Apr 02 2020 23:42:31 GMT+1100 (Australian Eastern Daylight Time) | #general @ 358536623257812992 - mcstatus set utc offset 7
Thu Apr 02 2020 23:43:01 GMT+1100 (Australian Eastern Daylight Time) | #general @ 358536623257812992 - mcstatus set utc offset 6
Thu Apr 02 2020 23:43:07 GMT+1100 (Australian Eastern Daylight Time) | #general @ 358536623257812992 - mcstatus set utc offset 9
Thu Apr 02 2020 23:43:22 GMT+1100 (Australian Eastern Daylight Time) | #general @ 358536623257812992 - mcstatus set utc offset 4
Fri Apr 03 2020 13:04:17 GMT+1100 (Australian Eastern Daylight Time) | #general @ 358536623257812992 - mcstatus set utc offset 6
Fri Apr 03 2020 13:22:03 GMT+1100 (Australian Eastern Daylight Time) | #general @ 358536623257812992 - mcstatus set utc offset 4
Fri Apr 03 2020 13:23:16 GMT+1100 (Australian Eastern Daylight Time) | #general @ 358536623257812992 - mcstatus set utc offset 7
Fri Apr 03 2020 13:24:28 GMT+1100 (Australian Eastern Daylight Time) | #general @ 358536623257812992 - mcstatus set utc offset 5
Fri Apr 03 2020 14:36:09 GMT+1100 (Australian Eastern Daylight Time) | #general @ 358536623257812992 - mcstatus set utc offset 6
Fri Apr 03 2020 14:36:46 GMT+1100 (Australian Eastern Daylight Time) | #general @ 358536623257812992 - mcstatus set utc offset 7
Fri Apr 03 2020 14:36:55 GMT+1100 (Australian Eastern Daylight Time) | #general @ 358536623257812992 - mcstatus set utc offset
Fri Apr 03 2020 14:46:29 GMT+1100 (Australian Eastern Daylight Time) | #general @ 358536623257812992 - mcstatus help
